2025-05-20 13:45:02,985 - __main__ - CRITICAL - Fatal error: Song.__init__() got an unexpected keyword argument 'all_chords'
Traceback (most recent call last):
  File "/Users/jmunning/jerry-in-a-box/jerry_in_a_box/main.py", line 140, in main
    app = JerryInABox()
  File "/Users/jmunning/jerry-in-a-box/jerry_in_a_box/main.py", line 29, in __init__
    self.song_db = SongDatabase()
                   ~~~~~~~~~~~~^^
  File "/Users/jmunning/jerry-in-a-box/jerry_in_a_box/song_database.py", line 17, in __init__
    self._load_songs()
    ~~~~~~~~~~~~~~~~^^
  File "/Users/jmunning/jerry-in-a-box/jerry_in_a_box/song_database.py", line 25, in _load_songs
    self.songs[song_data['title'].lower()] = Song(**song_data)
                                             ~~~~^^^^^^^^^^^^^
TypeError: Song.__init__() got an unexpected keyword argument 'all_chords'
2025-05-20 13:47:42,628 - jerry_in_a_box.voice_commands - INFO - Adjusting for ambient noise. Please wait...
2025-05-20 13:47:44,612 - jerry_in_a_box.voice_commands - INFO - Ambient noise adjustment complete.
2025-05-20 13:47:44,725 - jerry_in_a_box.voice_commands - INFO - Voice command processor started. Say 'find a song' to search for a song.
2025-05-20 13:47:44,826 - jerry_in_a_box.voice_commands - INFO - Listening for command...
2025-05-20 13:49:34,319 - jerry_in_a_box.voice_commands - INFO - Adjusting for ambient noise. Please wait...
2025-05-20 13:49:36,305 - jerry_in_a_box.voice_commands - INFO - Ambient noise adjustment complete.
2025-05-20 13:49:36,411 - jerry_in_a_box.voice_commands - INFO - Voice command processor started. Say 'find a song' to search for a song.
2025-05-20 13:49:36,473 - jerry_in_a_box.voice_commands - INFO - Listening for command...
2025-05-20 13:51:16,556 - jerry_in_a_box.voice_commands - INFO - Adjusting for ambient noise. Please wait...
2025-05-20 13:51:18,540 - jerry_in_a_box.voice_commands - INFO - Ambient noise adjustment complete.
2025-05-20 13:51:18,648 - jerry_in_a_box.voice_commands - INFO - Voice command processor started. Say 'find a song' to search for a song.
2025-05-20 13:51:18,699 - jerry_in_a_box.voice_commands - INFO - Listening for command...
2025-05-20 13:53:56,102 - jerry_in_a_box.voice_commands - INFO - Adjusting for ambient noise. Please wait...
2025-05-20 13:53:58,089 - jerry_in_a_box.voice_commands - INFO - Ambient noise adjustment complete.
2025-05-20 13:53:58,197 - jerry_in_a_box.voice_commands - INFO - Voice command processor started. Say 'find a song' to search for a song.
2025-05-20 13:53:58,258 - jerry_in_a_box.voice_commands - INFO - Listening for command...
2025-05-20 13:57:29,604 - jerry_in_a_box.voice_commands - INFO - Adjusting for ambient noise. Please wait...
2025-05-20 13:57:31,586 - jerry_in_a_box.voice_commands - INFO - Ambient noise adjustment complete.
2025-05-20 13:57:31,696 - jerry_in_a_box.voice_commands - INFO - Voice command processor started. Say 'find a song' to search for a song.
2025-05-20 13:57:31,753 - jerry_in_a_box.voice_commands - INFO - Listening for command...
2025-05-20 14:03:44,999 - jerry_in_a_box.voice_commands - INFO - Adjusting for ambient noise. Please wait...
2025-05-20 14:03:46,988 - jerry_in_a_box.voice_commands - INFO - Ambient noise adjustment complete.
2025-05-20 14:04:57,173 - jerry_in_a_box.voice_commands - INFO - Adjusting for ambient noise. Please wait...
2025-05-20 14:04:59,160 - jerry_in_a_box.voice_commands - INFO - Ambient noise adjustment complete.
2025-05-20 14:09:03,562 - jerry_in_a_box.voice_commands - INFO - Adjusting for ambient noise. Please wait...
2025-05-20 14:09:05,552 - jerry_in_a_box.voice_commands - INFO - Ambient noise adjustment complete.
2025-05-20 14:13:42,291 - jerry_in_a_box.voice_commands - INFO - Adjusting for ambient noise. Please wait...
2025-05-20 14:13:44,279 - jerry_in_a_box.voice_commands - INFO - Ambient noise adjustment complete.
